10-Nov-2020 00:04:05.167 INFO [main] org.apache.catalina.startup.VersionLoggerListener.log Server version name:   Apache Tomcat/8.5.59
10-Nov-2020 00:04:05.180 INFO [main] org.apache.catalina.startup.VersionLoggerListener.log Server built:          Oct 6 2020 16:57:18 UTC
10-Nov-2020 00:04:05.180 INFO [main] org.apache.catalina.startup.VersionLoggerListener.log Server version number: 8.5.59.0
10-Nov-2020 00:04:05.180 INFO [main] org.apache.catalina.startup.VersionLoggerListener.log OS Name:               Linux
10-Nov-2020 00:04:05.180 INFO [main] org.apache.catalina.startup.VersionLoggerListener.log OS Version:            4.4.0-19041-Microsoft
10-Nov-2020 00:04:05.180 INFO [main] org.apache.catalina.startup.VersionLoggerListener.log Architecture:          amd64
10-Nov-2020 00:04:05.180 INFO [main] org.apache.catalina.startup.VersionLoggerListener.log Java Home:             /usr/lib/jvm/java-8-oracle/jre
10-Nov-2020 00:04:05.180 INFO [main] org.apache.catalina.startup.VersionLoggerListener.log JVM Version:           1.8.0_191-b12
10-Nov-2020 00:04:05.180 INFO [main] org.apache.catalina.startup.VersionLoggerListener.log JVM Vendor:            Oracle Corporation
10-Nov-2020 00:04:05.180 INFO [main] org.apache.catalina.startup.VersionLoggerListener.log CATALINA_BASE:         /mnt/c/Users/Ryan/Documents/Bash/SWE642/apache-tomcat-8.5.59
10-Nov-2020 00:04:05.181 INFO [main] org.apache.catalina.startup.VersionLoggerListener.log CATALINA_HOME:         /mnt/c/Users/Ryan/Documents/Bash/SWE642/apache-tomcat-8.5.59
10-Nov-2020 00:04:05.181 INFO [main] org.apache.catalina.startup.VersionLoggerListener.log Command line argument: -Djava.util.logging.config.file=/mnt/c/Users/Ryan/Documents/Bash/SWE642/apache-tomcat-8.5.59/conf/logging.properties
10-Nov-2020 00:04:05.181 INFO [main] org.apache.catalina.startup.VersionLoggerListener.log Command line argument: -Djava.util.logging.manager=org.apache.juli.ClassLoaderLogManager
10-Nov-2020 00:04:05.181 INFO [main] org.apache.catalina.startup.VersionLoggerListener.log Command line argument: -Djdk.tls.ephemeralDHKeySize=2048
10-Nov-2020 00:04:05.181 INFO [main] org.apache.catalina.startup.VersionLoggerListener.log Command line argument: -Djava.protocol.handler.pkgs=org.apache.catalina.webresources
10-Nov-2020 00:04:05.181 INFO [main] org.apache.catalina.startup.VersionLoggerListener.log Command line argument: -Dorg.apache.catalina.security.SecurityListener.UMASK=0027
10-Nov-2020 00:04:05.181 INFO [main] org.apache.catalina.startup.VersionLoggerListener.log Command line argument: -Dignore.endorsed.dirs=
10-Nov-2020 00:04:05.194 INFO [main] org.apache.catalina.startup.VersionLoggerListener.log Command line argument: -Dcatalina.base=/mnt/c/Users/Ryan/Documents/Bash/SWE642/apache-tomcat-8.5.59
10-Nov-2020 00:04:05.195 INFO [main] org.apache.catalina.startup.VersionLoggerListener.log Command line argument: -Dcatalina.home=/mnt/c/Users/Ryan/Documents/Bash/SWE642/apache-tomcat-8.5.59
10-Nov-2020 00:04:05.195 INFO [main] org.apache.catalina.startup.VersionLoggerListener.log Command line argument: -Djava.io.tmpdir=/mnt/c/Users/Ryan/Documents/Bash/SWE642/apache-tomcat-8.5.59/temp
10-Nov-2020 00:04:05.195 INFO [main] org.apache.catalina.core.AprLifecycleListener.lifecycleEvent The Apache Tomcat Native library which allows using OpenSSL was not found on the java.library.path: [/usr/java/packages/lib/amd64:/usr/lib64:/lib64:/lib:/usr/lib]
10-Nov-2020 00:04:05.377 INFO [main] org.apache.coyote.AbstractProtocol.init Initializing ProtocolHandler ["http-nio-8080"]
10-Nov-2020 00:04:05.844 INFO [main] org.apache.tomcat.util.net.NioSelectorPool.getSharedSelector Using a shared selector for servlet write/read
10-Nov-2020 00:04:05.858 INFO [main] org.apache.catalina.startup.Catalina.load Initialization processed in 1086 ms
10-Nov-2020 00:04:05.889 INFO [main] org.apache.catalina.core.StandardService.startInternal Starting service [Catalina]
10-Nov-2020 00:04:05.889 INFO [main] org.apache.catalina.core.StandardEngine.startInternal Starting Servlet Engine: Apache Tomcat/8.5.59
10-Nov-2020 00:04:05.901 INFO [localhost-startStop-1] org.apache.catalina.startup.HostConfig.deployDirectory Deploying web application directory [/mnt/c/Users/Ryan/Documents/Bash/SWE642/apache-tomcat-8.5.59/webapps/docs]
10-Nov-2020 00:04:06.162 INFO [localhost-startStop-1] org.apache.catalina.startup.HostConfig.deployDirectory Deployment of web application directory [/mnt/c/Users/Ryan/Documents/Bash/SWE642/apache-tomcat-8.5.59/webapps/docs] has finished in [261] ms
10-Nov-2020 00:04:06.162 INFO [localhost-startStop-1] org.apache.catalina.startup.HostConfig.deployDirectory Deploying web application directory [/mnt/c/Users/Ryan/Documents/Bash/SWE642/apache-tomcat-8.5.59/webapps/examples]
10-Nov-2020 00:04:06.626 INFO [localhost-startStop-1] org.apache.catalina.startup.HostConfig.deployDirectory Deployment of web application directory [/mnt/c/Users/Ryan/Documents/Bash/SWE642/apache-tomcat-8.5.59/webapps/examples] has finished in [464] ms
10-Nov-2020 00:04:06.626 INFO [localhost-startStop-1] org.apache.catalina.startup.HostConfig.deployDirectory Deploying web application directory [/mnt/c/Users/Ryan/Documents/Bash/SWE642/apache-tomcat-8.5.59/webapps/host-manager]
10-Nov-2020 00:04:06.660 INFO [localhost-startStop-1] org.apache.catalina.startup.HostConfig.deployDirectory Deployment of web application directory [/mnt/c/Users/Ryan/Documents/Bash/SWE642/apache-tomcat-8.5.59/webapps/host-manager] has finished in [34] ms
10-Nov-2020 00:04:06.660 INFO [localhost-startStop-1] org.apache.catalina.startup.HostConfig.deployDirectory Deploying web application directory [/mnt/c/Users/Ryan/Documents/Bash/SWE642/apache-tomcat-8.5.59/webapps/manager]
10-Nov-2020 00:04:06.695 INFO [localhost-startStop-1] org.apache.catalina.startup.HostConfig.deployDirectory Deployment of web application directory [/mnt/c/Users/Ryan/Documents/Bash/SWE642/apache-tomcat-8.5.59/webapps/manager] has finished in [35] ms
10-Nov-2020 00:04:06.695 INFO [localhost-startStop-1] org.apache.catalina.startup.HostConfig.deployDirectory Deploying web application directory [/mnt/c/Users/Ryan/Documents/Bash/SWE642/apache-tomcat-8.5.59/webapps/ROOT]
10-Nov-2020 00:04:06.724 INFO [localhost-startStop-1] org.apache.catalina.startup.HostConfig.deployDirectory Deployment of web application directory [/mnt/c/Users/Ryan/Documents/Bash/SWE642/apache-tomcat-8.5.59/webapps/ROOT] has finished in [28] ms
10-Nov-2020 00:04:06.726 INFO [main] org.apache.coyote.AbstractProtocol.start Starting ProtocolHandler ["http-nio-8080"]
10-Nov-2020 00:04:06.734 INFO [main] org.apache.catalina.startup.Catalina.start Server startup in 875 ms
10-Nov-2020 00:06:01.850 INFO [main] org.apache.catalina.core.StandardServer.await A valid shutdown command was received via the shutdown port. Stopping the Server instance.
10-Nov-2020 00:06:01.850 INFO [main] org.apache.coyote.AbstractProtocol.pause Pausing ProtocolHandler ["http-nio-8080"]
10-Nov-2020 00:06:01.868 INFO [main] org.apache.catalina.core.StandardService.stopInternal Stopping service [Catalina]
10-Nov-2020 00:06:01.886 INFO [main] org.apache.coyote.AbstractProtocol.stop Stopping ProtocolHandler ["http-nio-8080"]
10-Nov-2020 00:06:01.887 INFO [main] org.apache.coyote.AbstractProtocol.destroy Destroying ProtocolHandler ["http-nio-8080"]
